TN:
SF:src\app\store\db\selectors.ts
FN:3,selectDb
FN:4,selectDbStatus
FN:5,selectDbError
FNF:3
FNH:1
FNDA:6,selectDb
FNDA:0,selectDbStatus
FNDA:0,selectDbError
DA:1,1
DA:2,1
DA:3,1
DA:4,1
DA:5,1
LF:5
LH:5
BRDA:3,0,0,6
BRF:1
BRH:1
end_of_record
TN:
SF:src\features\auth\model\authSlice.ts
FN:23,initAuthDone
FN:26,loginStart
FN:30,loginSuccess
FN:36,loginFailure
FN:40,logout
FN:46,clearAuthError
FNF:6
FNH:6
FNDA:1,initAuthDone
FNDA:1,loginStart
FNDA:1,loginSuccess
FNDA:1,loginFailure
FNDA:1,logout
FNDA:1,clearAuthError
DA:1,1
DA:2,1
DA:3,1
DA:4,1
DA:5,1
DA:6,1
DA:7,1
DA:8,1
DA:9,1
DA:10,1
DA:11,1
DA:12,1
DA:13,1
DA:14,1
DA:15,1
DA:16,1
DA:17,1
DA:18,1
DA:19,1
DA:20,1
DA:21,1
DA:22,1
DA:23,1
DA:24,1
DA:25,1
DA:26,1
DA:27,1
DA:28,1
DA:29,1
DA:30,1
DA:31,1
DA:32,1
DA:33,1
DA:34,1
DA:35,1
DA:36,1
DA:37,1
DA:38,1
DA:39,1
DA:40,1
DA:41,1
DA:42,1
DA:43,1
DA:44,1
DA:45,1
DA:46,1
DA:47,1
DA:48,1
DA:49,1
DA:50,1
DA:51,1
DA:52,1
DA:53,1
DA:54,1
DA:55,1
LF:55
LH:55
BRDA:23,0,0,1
BRDA:26,1,0,1
BRDA:30,2,0,1
BRDA:36,3,0,1
BRDA:40,4,0,1
BRDA:46,5,0,1
BRF:6
BRH:6
end_of_record
TN:
SF:src\features\auth\model\authThunks.ts
FNF:0
FNH:0
DA:1,1
DA:2,1
DA:3,1
DA:4,1
DA:5,1
DA:6,1
DA:7,1
DA:8,1
DA:9,1
DA:10,1
DA:11,1
DA:12,4
DA:13,4
DA:14,4
DA:15,4
DA:16,3
DA:17,3
DA:18,4
DA:19,1
DA:20,1
DA:21,1
DA:22,2
DA:23,2
DA:24,2
DA:25,2
DA:26,4
DA:27,1
DA:28,1
DA:29,1
DA:30,1
DA:31,1
DA:32,1
DA:33,1
DA:34,1
DA:35,1
DA:36,4
DA:37,1
DA:38,1
DA:39,1
DA:40,2
DA:41,2
DA:42,2
DA:43,1
DA:44,1
DA:45,1
DA:46,1
DA:47,1
DA:48,2
DA:49,2
DA:50,1
DA:51,1
DA:52,1
DA:53,1
DA:54,1
DA:55,1
LF:55
LH:55
BRDA:11,0,0,4
BRDA:11,1,0,4
BRDA:16,2,0,3
BRDA:18,3,0,1
BRDA:22,4,0,2
BRDA:26,5,0,1
BRDA:16,6,0,2
BRDA:39,7,0,2
BRDA:39,8,0,2
BRDA:42,9,0,1
BRDA:52,10,0,1
BRDA:52,11,0,1
BRF:12
BRH:12
end_of_record
TN:
SF:src\features\auth\model\registrationSelectors.ts
FN:3,selectRegistrationStep1
FN:4,selectRegistrationStep2
FN:5,selectRegistrationStep3
FNF:3
FNH:3
FNDA:3,selectRegistrationStep1
FNDA:3,selectRegistrationStep2
FNDA:3,selectRegistrationStep3
DA:1,1
DA:2,1
DA:3,1
DA:4,1
DA:5,1
LF:5
LH:5
BRDA:3,0,0,3
BRDA:4,1,0,3
BRDA:5,2,0,3
BRF:3
BRH:3
end_of_record
TN:
SF:src\features\auth\model\registrationSlice.ts
FN:43,saveStep1
FN:46,saveStep2
FN:49,saveStep3
FN:52,resetRegistrationDraft
FNF:4
FNH:4
FNDA:1,saveStep1
FNDA:1,saveStep2
FNDA:1,saveStep3
FNDA:1,resetRegistrationDraft
DA:1,1
DA:2,1
DA:3,1
DA:4,1
DA:5,1
DA:6,1
DA:7,1
DA:8,1
DA:9,1
DA:10,1
DA:11,1
DA:12,1
DA:13,1
DA:14,1
DA:15,1
DA:16,1
DA:17,1
DA:18,1
DA:19,1
DA:20,1
DA:21,1
DA:22,1
DA:23,1
DA:24,1
DA:25,1
DA:26,1
DA:27,1
DA:28,1
DA:29,1
DA:30,1
DA:31,1
DA:32,1
DA:33,1
DA:34,1
DA:35,1
DA:36,1
DA:37,1
DA:38,1
DA:39,1
DA:40,1
DA:41,1
DA:42,1
DA:43,1
DA:44,1
DA:45,1
DA:46,1
DA:47,1
DA:48,1
DA:49,1
DA:50,1
DA:51,1
DA:52,1
DA:53,1
DA:54,1
DA:55,1
DA:56,1
DA:57,1
DA:58,1
DA:59,1
DA:60,1
DA:61,1
LF:61
LH:61
BRDA:43,0,0,1
BRDA:46,1,0,1
BRDA:49,2,0,1
BRDA:52,3,0,1
BRF:4
BRH:4
end_of_record
TN:
SF:src\features\auth\model\registrationThunks.ts
FN:26,buildPhotoPayload
FNF:1
FNH:0
FNDA:0,buildPhotoPayload
DA:1,1
DA:2,1
DA:3,1
DA:4,1
DA:5,1
DA:6,1
DA:7,1
DA:8,1
DA:9,1
DA:10,1
DA:11,1
DA:12,1
DA:13,1
DA:14,1
DA:15,1
DA:16,1
DA:17,1
DA:18,1
DA:19,1
DA:20,1
DA:21,1
DA:22,1
DA:23,1
DA:24,1
DA:25,1
DA:26,1
DA:27,0
DA:28,0
DA:29,0
DA:30,0
DA:31,0
DA:32,0
DA:33,0
DA:34,0
DA:35,0
DA:36,0
DA:37,0
DA:38,0
DA:39,0
DA:40,0
DA:41,0
DA:42,0
DA:43,1
DA:44,1
DA:45,1
DA:46,1
DA:47,1
DA:48,1
DA:49,1
DA:50,1
DA:51,1
DA:52,0
DA:53,0
DA:54,0
DA:55,0
DA:56,0
DA:57,0
DA:58,0
DA:59,0
DA:60,0
DA:61,1
DA:62,1
DA:63,1
DA:64,1
DA:65,1
DA:66,1
DA:67,1
DA:68,1
DA:69,0
DA:70,0
DA:71,0
DA:72,0
DA:73,0
DA:74,0
DA:75,0
DA:76,0
DA:77,1
DA:78,1
DA:79,1
DA:80,1
DA:81,1
DA:82,1
DA:83,1
DA:84,1
DA:85,2
DA:86,2
DA:87,2
DA:88,2
DA:89,2
DA:90,2
DA:91,2
DA:92,2
DA:93,2
DA:94,1
DA:95,1
DA:96,1
DA:97,1
DA:98,1
DA:99,1
DA:100,1
DA:101,1
DA:102,1
DA:103,1
DA:104,2
DA:105,0
DA:106,0
DA:107,0
DA:108,0
DA:109,1
DA:110,2
DA:111,0
DA:112,0
DA:113,0
DA:114,0
DA:115,1
DA:116,2
DA:117,0
DA:118,0
DA:119,0
DA:120,0
DA:121,1
DA:122,2
DA:123,0
DA:124,0
DA:125,0
DA:126,0
DA:127,1
DA:128,2
DA:129,0
DA:130,0
DA:131,0
DA:132,0
DA:133,1
DA:134,1
DA:135,1
DA:136,1
DA:137,1
DA:138,2
DA:139,2
DA:140,2
DA:141,2
DA:142,2
DA:143,2
DA:144,2
DA:145,2
DA:146,2
DA:147,2
DA:148,2
DA:149,2
DA:150,2
DA:151,2
DA:152,2
DA:153,2
DA:154,2
DA:155,2
DA:156,2
DA:157,2
DA:158,2
DA:159,2
DA:160,2
DA:161,2
DA:162,2
DA:163,2
DA:164,2
DA:165,2
DA:166,0
DA:167,0
DA:168,0
DA:169,0
DA:170,1
LF:170
LH:113
BRDA:49,0,0,1
BRDA:49,1,0,1
BRDA:52,2,0,0
BRDA:61,3,0,0
BRDA:61,4,0,0
BRDA:69,5,0,0
BRDA:84,6,0,2
BRDA:84,7,0,2
BRDA:93,8,0,1
BRDA:93,9,0,1
BRDA:93,10,0,1
BRDA:104,11,0,0
BRDA:104,12,0,1
BRDA:104,13,0,1
BRDA:104,14,0,0
BRDA:104,15,0,0
BRDA:109,16,0,1
BRDA:110,17,0,0
BRDA:110,18,0,1
BRDA:110,19,0,0
BRDA:115,20,0,1
BRDA:116,21,0,0
BRDA:116,22,0,1
BRDA:116,23,0,0
BRDA:121,24,0,1
BRDA:122,25,0,0
BRDA:127,26,0,1
BRDA:128,27,0,0
BRDA:133,28,0,1
BRDA:138,29,0,0
BRDA:138,30,0,0
BRDA:138,31,0,1
BRDA:139,32,0,1
BRDA:139,33,0,1
BRDA:139,34,0,0
BRDA:140,35,0,0
BRDA:140,36,0,0
BRDA:140,37,0,1
BRDA:146,38,0,1
BRDA:146,39,0,1
BRDA:146,40,0,0
BRDA:149,41,0,0
BRDA:150,42,0,1
BRDA:151,43,0,1
BRDA:151,44,0,1
BRDA:151,45,0,0
BRDA:165,46,0,0
BRF:47
BRH:25
end_of_record
TN:
SF:src\features\filters\model\badges.ts
FN:18,buildAppliedBadges
FN:61,removeBadge
FNF:2
FNH:2
FNDA:4,buildAppliedBadges
FNDA:2,removeBadge
DA:1,1
DA:2,1
DA:3,1
DA:4,1
DA:5,1
DA:6,1
DA:7,1
DA:8,1
DA:9,1
DA:10,1
DA:11,1
DA:12,1
DA:13,1
DA:14,1
DA:15,1
DA:16,1
DA:17,1
DA:18,1
DA:19,4
DA:20,4
DA:21,4
DA:22,1
DA:23,1
DA:24,1
DA:25,1
DA:26,1
DA:27,1
DA:28,1
DA:29,1
DA:30,1
DA:31,1
DA:32,4
DA:33,4
DA:34,2
DA:35,2
DA:36,2
DA:37,2
DA:38,2
DA:39,2
DA:40,2
DA:41,2
DA:42,2
DA:43,1
DA:44,1
DA:45,1
DA:46,1
DA:47,1
DA:48,1
DA:49,1
DA:50,1
DA:51,1
DA:52,1
DA:53,1
DA:54,2
DA:55,2
DA:56,2
DA:57,4
DA:58,4
DA:59,4
DA:60,1
DA:61,1
DA:62,2
DA:63,2
DA:64,2
DA:65,2
DA:66,2
DA:67,2
DA:68,2
DA:69,1
DA:70,1
DA:71,1
DA:72,1
DA:73,1
DA:74,1
DA:75,1
DA:76,1
DA:77,1
DA:78,1
DA:79,1
DA:80,1
DA:81,1
DA:82,1
DA:83,1
DA:84,2
DA:85,2
DA:86,2
LF:86
LH:86
BRDA:18,0,0,4
BRDA:21,1,0,1
BRDA:33,2,0,2
BRDA:42,3,0,1
BRDA:22,4,0,2
BRDA:61,5,0,2
BRDA:68,6,0,1
BRDA:77,7,0,0
BRDA:81,8,0,1
BRF:9
BRH:8
end_of_record
TN:
SF:src\features\filters\model\defaults.ts
FNF:0
FNH:0
DA:1,1
DA:2,1
DA:3,1
DA:4,1
DA:5,1
DA:6,1
DA:7,1
DA:8,1
DA:9,1
DA:10,1
DA:11,1
DA:12,1
DA:13,1
DA:14,1
DA:15,1
DA:16,1
LF:16
LH:16
BRF:0
BRH:0
end_of_record
TN:
SF:src\features\filters\model\filtersSlice.ts
FN:15,setFilters
FN:18,setOfferType
FN:21,setCategories
FN:24,setGender
FN:27,setCities
FN:30,resetFilters
FNF:6
FNH:6
FNDA:1,setFilters
FNDA:1,setOfferType
FNDA:1,setCategories
FNDA:1,setGender
FNDA:1,setCities
FNDA:1,resetFilters
DA:1,1
DA:2,1
DA:3,1
DA:4,1
DA:5,1
DA:6,1
DA:7,1
DA:8,1
DA:9,1
DA:10,1
DA:11,1
DA:12,1
DA:13,1
DA:14,1
DA:15,1
DA:16,1
DA:17,1
DA:18,1
DA:19,1
DA:20,1
DA:21,1
DA:22,1
DA:23,1
DA:24,1
DA:25,1
DA:26,1
DA:27,1
DA:28,1
DA:29,1
DA:30,1
DA:31,1
DA:32,1
DA:33,1
DA:34,1
DA:35,1
DA:36,1
DA:37,1
DA:38,1
LF:38
LH:38
BRDA:15,0,0,1
BRDA:18,1,0,1
BRDA:21,2,0,1
BRDA:24,3,0,1
BRDA:27,4,0,1
BRDA:30,5,0,1
BRF:6
BRH:6
end_of_record
TN:
SF:src\features\filters\model\selectors.ts
FN:8,selectFilters
FNF:1
FNH:1
FNDA:6,selectFilters
DA:1,1
DA:2,1
DA:3,1
DA:4,1
DA:5,1
DA:6,1
DA:7,1
DA:8,1
DA:9,1
DA:10,1
DA:11,1
DA:12,1
DA:13,5
DA:14,4
DA:15,4
DA:16,4
DA:17,4
DA:18,8
DA:19,8
DA:20,2
DA:21,2
DA:22,2
DA:23,2
DA:24,2
DA:25,2
DA:26,7
DA:27,7
DA:28,8
DA:29,1
DA:30,1
DA:31,6
DA:32,6
DA:33,8
DA:34,1
DA:35,1
DA:36,5
DA:37,5
DA:38,8
DA:39,2
DA:40,2
DA:41,2
DA:42,2
DA:43,2
DA:44,2
DA:45,2
DA:46,2
DA:47,2
DA:48,2
DA:49,2
DA:50,1
DA:51,1
DA:52,1
DA:53,2
DA:54,2
DA:55,2
DA:56,1
DA:57,0
DA:58,0
DA:59,0
DA:60,1
DA:61,1
DA:62,1
DA:63,1
DA:64,1
DA:65,1
DA:66,1
DA:67,1
DA:68,1
DA:69,0
DA:70,0
DA:71,0
DA:72,0
DA:73,1
DA:74,1
DA:75,1
DA:76,1
DA:77,1
DA:78,1
DA:79,1
DA:80,1
DA:81,2
DA:82,2
DA:83,2
DA:84,2
DA:85,4
DA:86,4
DA:87,4
DA:88,4
DA:89,1
LF:89
LH:82
BRDA:8,0,0,6
BRDA:12,1,0,5
BRDA:13,2,0,1
BRDA:14,3,0,4
BRDA:17,4,0,8
BRDA:19,5,0,2
BRDA:23,6,0,0
BRDA:24,7,0,1
BRDA:26,8,0,7
BRDA:28,9,0,2
BRDA:28,10,0,1
BRDA:31,11,0,6
BRDA:33,12,0,2
BRDA:33,13,0,1
BRDA:36,14,0,5
BRDA:38,15,0,2
BRDA:49,16,0,1
BRDA:55,17,0,1
BRDA:56,18,0,0
BRDA:83,19,0,1
BRDA:85,20,0,4
BRDA:46,21,0,2
BRDA:48,22,0,0
BRDA:50,23,0,1
BRDA:52,24,0,0
BRDA:62,25,0,1
BRDA:68,26,0,0
BRDA:65,27,0,1
BRDA:67,28,0,0
BRF:29
BRH:23
end_of_record
TN:
SF:src\features\filters\model\utils.ts
FN:10,createDefaultCategoriesSelected
FN:13,createDefaultFilterValues
FN:21,countAppliedFilters
FN:42,groupSubcategoriesByCategoryId
FN:59,convertCitiesToOptions
FNF:5
FNH:5
FNDA:2,createDefaultCategoriesSelected
FNDA:1,createDefaultFilterValues
FNDA:1,countAppliedFilters
FNDA:1,groupSubcategoriesByCategoryId
FNDA:1,convertCitiesToOptions
DA:1,1
DA:2,1
DA:3,1
DA:4,1
DA:5,1
DA:6,1
DA:7,1
DA:8,1
DA:9,1
DA:10,1
DA:11,1
DA:12,1
DA:13,1
DA:14,1
DA:15,1
DA:16,1
DA:17,1
DA:18,1
DA:19,1
DA:20,1
DA:21,1
DA:22,1
DA:23,1
DA:24,1
DA:25,1
DA:26,1
DA:27,1
DA:28,1
DA:29,1
DA:30,1
DA:31,1
DA:32,1
DA:33,1
DA:34,1
DA:35,1
DA:36,1
DA:37,1
DA:38,1
DA:39,1
DA:40,1
DA:41,1
DA:42,1
DA:43,1
DA:44,1
DA:45,1
DA:46,2
DA:47,2
DA:48,1
DA:49,1
DA:50,2
DA:51,2
DA:52,2
DA:53,2
DA:54,2
DA:55,2
DA:56,1
DA:57,1
DA:58,1
DA:59,1
DA:60,1
DA:61,2
DA:62,2
DA:63,1
DA:64,1
LF:64
LH:64
BRDA:10,0,0,2
BRDA:11,1,0,4
BRDA:13,2,0,1
BRDA:21,3,0,1
BRDA:29,4,0,1
BRDA:42,5,0,1
BRDA:45,6,0,2
BRDA:47,7,0,1
BRDA:59,8,0,1
BRDA:60,9,0,2
BRF:10
BRH:10
end_of_record
TN:
SF:src\features\profile\model\profileSlice.ts
FN:78,createProfile
FN:82,updateProfile
FN:94,updateProfileSkill
FN:105,resetProfile
FN:109,resetProfileOnly
FN:112,resetSkillOnly
FN:115,addSkillImage
FN:118,removeSkillImage
FN:121,addSkillTag
FN:126,removeSkillTag
FNF:10
FNH:0
FNDA:0,createProfile
FNDA:0,updateProfile
FNDA:0,updateProfileSkill
FNDA:0,resetProfile
FNDA:0,resetProfileOnly
FNDA:0,resetSkillOnly
FNDA:0,addSkillImage
FNDA:0,removeSkillImage
FNDA:0,addSkillTag
FNDA:0,removeSkillTag
DA:1,1
DA:2,1
DA:3,1
DA:4,1
DA:5,1
DA:6,1
DA:7,1
DA:8,1
DA:9,1
DA:10,1
DA:11,1
DA:12,1
DA:13,1
DA:14,1
DA:15,1
DA:16,1
DA:17,1
DA:18,1
DA:19,1
DA:20,1
DA:21,1
DA:22,1
DA:23,1
DA:24,1
DA:25,1
DA:26,1
DA:27,1
DA:28,1
DA:29,1
DA:30,1
DA:31,1
DA:32,1
DA:33,1
DA:34,1
DA:35,1
DA:36,1
DA:37,1
DA:38,1
DA:39,1
DA:40,1
DA:41,1
DA:42,1
DA:43,1
DA:44,1
DA:45,1
DA:46,1
DA:47,1
DA:48,1
DA:49,1
DA:50,1
DA:51,1
DA:52,1
DA:53,1
DA:54,1
DA:55,1
DA:56,1
DA:57,1
DA:58,1
DA:59,1
DA:60,1
DA:61,1
DA:62,1
DA:63,1
DA:64,1
DA:65,1
DA:66,1
DA:67,1
DA:68,1
DA:69,1
DA:70,1
DA:71,1
DA:72,1
DA:73,1
DA:74,1
DA:75,1
DA:76,1
DA:77,1
DA:78,1
DA:79,0
DA:80,0
DA:81,1
DA:82,1
DA:83,0
DA:84,0
DA:85,0
DA:86,0
DA:87,0
DA:88,0
DA:89,0
DA:90,0
DA:91,0
DA:92,0
DA:93,1
DA:94,1
DA:95,0
DA:96,0
DA:97,0
DA:98,0
DA:99,0
DA:100,0
DA:101,0
DA:102,0
DA:103,1
DA:104,1
DA:105,1
DA:106,0
DA:107,0
DA:108,1
DA:109,1
DA:110,0
DA:111,1
DA:112,1
DA:113,0
DA:114,1
DA:115,1
DA:116,0
DA:117,1
DA:118,1
DA:119,0
DA:120,1
DA:121,1
DA:122,0
DA:123,0
DA:124,0
DA:125,1
DA:126,1
DA:127,0
DA:128,1
DA:129,1
DA:130,1
DA:131,1
DA:132,1
DA:133,1
DA:134,1
DA:135,1
DA:136,1
DA:137,1
DA:138,1
DA:139,1
DA:140,1
DA:141,1
DA:142,1
DA:143,1
DA:144,1
DA:145,1
LF:145
LH:115
BRF:0
BRH:0
end_of_record
TN:
SF:src\shared\api\mock\client.ts
FN:1,getJson
FNF:1
FNH:0
FNDA:0,getJson
DA:1,1
DA:2,0
DA:3,0
DA:4,0
DA:5,0
LF:5
LH:1
BRF:0
BRH:0
end_of_record
TN:
SF:src\shared\api\mock\endpoints.ts
FNF:0
FNH:0
DA:1,1
DA:2,1
DA:3,1
DA:4,1
DA:5,1
DA:6,1
DA:7,1
DA:8,1
LF:8
LH:8
BRF:0
BRH:0
end_of_record
TN:
SF:src\shared\api\mock\index.ts
FN:19,getUsers
FN:23,getSkills
FN:27,getCities
FN:31,getCategories
FN:35,getSubcategories
FN:40,getCredentials
FN:45,getAll
FNF:7
FNH:0
FNDA:0,getUsers
FNDA:0,getSkills
FNDA:0,getCities
FNDA:0,getCategories
FNDA:0,getSubcategories
FNDA:0,getCredentials
FNDA:0,getAll
DA:1,1
DA:2,1
DA:3,1
DA:4,1
DA:5,1
DA:6,1
DA:7,1
DA:8,1
DA:9,1
DA:10,1
DA:11,1
DA:12,1
DA:13,1
DA:14,1
DA:15,1
DA:16,1
DA:17,1
DA:18,1
DA:19,1
DA:20,0
DA:21,0
DA:22,0
DA:23,1
DA:24,0
DA:25,0
DA:26,0
DA:27,1
DA:28,0
DA:29,0
DA:30,0
DA:31,1
DA:32,0
DA:33,0
DA:34,0
DA:35,1
DA:36,0
DA:37,0
DA:38,0
DA:39,1
DA:40,1
DA:41,0
DA:42,0
DA:43,0
DA:44,1
DA:45,1
DA:46,0
DA:47,0
DA:48,0
DA:49,0
DA:50,0
DA:51,0
DA:52,0
DA:53,0
DA:54,0
DA:55,0
DA:56,1
LF:56
LH:28
BRF:0
BRH:0
end_of_record
TN:
SF:src\shared\lib\crypto\sha256.ts
FN:1,sha256Hex
FNF:1
FNH:0
FNDA:0,sha256Hex
DA:1,0
DA:2,0
DA:3,0
DA:4,0
DA:5,0
DA:6,0
DA:7,0
DA:8,0
LF:8
LH:0
BRF:0
BRH:0
end_of_record
