{"C:\\Users\\User\\Desktop\\УЧЕБА\\Prodject\\SkillSwap_45_1\\src\\categories\\categories.service.ts": {"path":"C:\\Users\\User\\Desktop\\УЧЕБА\\Prodject\\SkillSwap_45_1\\src\\categories\\categories.service.ts","statementMap":{"0":{"start":{"line":1,"column":0},"end":{"line":1,"column":null}},"1":{"start":{"line":6,"column":0},"end":{"line":6,"column":51}},"2":{"start":{"line":7,"column":0},"end":{"line":7,"column":45}},"3":{"start":{"line":10,"column":0},"end":{"line":10,"column":60}},"4":{"start":{"line":13,"column":7},"end":{"line":105,"column":null}},"5":{"start":{"line":16,"column":21},"end":{"line":16,"column":41}},"6":{"start":{"line":20,"column":31},"end":{"line":20,"column":48}},"7":{"start":{"line":22,"column":21},"end":{"line":24,"column":6}},"8":{"start":{"line":26,"column":4},"end":{"line":38,"column":5}},"9":{"start":{"line":27,"column":21},"end":{"line":31,"column":8}},"10":{"start":{"line":33,"column":6},"end":{"line":35,"column":7}},"11":{"start":{"line":34,"column":8},"end":{"line":34,"column":65}},"12":{"start":{"line":37,"column":6},"end":{"line":37,"column":31}},"13":{"start":{"line":40,"column":4},"end":{"line":40,"column":49}},"14":{"start":{"line":42,"column":4},"end":{"line":45,"column":7}},"15":{"start":{"line":49,"column":4},"end":{"line":56,"column":7}},"16":{"start":{"line":60,"column":21},"end":{"line":63,"column":6}},"17":{"start":{"line":64,"column":4},"end":{"line":66,"column":5}},"18":{"start":{"line":65,"column":6},"end":{"line":65,"column":70}},"19":{"start":{"line":67,"column":4},"end":{"line":67,"column":20}},"20":{"start":{"line":71,"column":21},"end":{"line":71,"column":77}},"21":{"start":{"line":72,"column":4},"end":{"line":74,"column":5}},"22":{"start":{"line":73,"column":6},"end":{"line":73,"column":56}},"23":{"start":{"line":76,"column":34},"end":{"line":76,"column":51}},"24":{"start":{"line":78,"column":4},"end":{"line":91,"column":5}},"25":{"start":{"line":79,"column":6},"end":{"line":83,"column":7}},"26":{"start":{"line":80,"column":8},"end":{"line":82,"column":10}},"27":{"start":{"line":84,"column":21},"end":{"line":86,"column":8}},"28":{"start":{"line":87,"column":6},"end":{"line":89,"column":7}},"29":{"start":{"line":88,"column":8},"end":{"line":88,"column":65}},"30":{"start":{"line":90,"column":6},"end":{"line":90,"column":31}},"31":{"start":{"line":93,"column":4},"end":{"line":93,"column":34}},"32":{"start":{"line":95,"column":4},"end":{"line":95,"column":50}},"33":{"start":{"line":99,"column":21},"end":{"line":99,"column":77}},"34":{"start":{"line":100,"column":4},"end":{"line":102,"column":5}},"35":{"start":{"line":101,"column":6},"end":{"line":101,"column":56}},"36":{"start":{"line":103,"column":4},"end":{"line":103,"column":52}},"37":{"start":{"line":13,"column":13},"end":{"line":13,"column":30}},"38":{"start":{"line":13,"column":13},"end":{"line":105,"column":null}}},"fnMap":{"0":{"name":"(anonymous_4)","decl":{"start":{"line":14,"column":2},"end":{"line":14,"column":null}},"loc":{"start":{"line":16,"column":67},"end":{"line":17,"column":6}}},"1":{"name":"(anonymous_5)","decl":{"start":{"line":19,"column":2},"end":{"line":19,"column":7}},"loc":{"start":{"line":19,"column":51},"end":{"line":46,"column":3}}},"2":{"name":"(anonymous_6)","decl":{"start":{"line":48,"column":2},"end":{"line":48,"column":9}},"loc":{"start":{"line":48,"column":9},"end":{"line":57,"column":3}}},"3":{"name":"(anonymous_7)","decl":{"start":{"line":59,"column":2},"end":{"line":59,"column":7}},"loc":{"start":{"line":59,"column":26},"end":{"line":68,"column":3}}},"4":{"name":"(anonymous_8)","decl":{"start":{"line":70,"column":2},"end":{"line":70,"column":7}},"loc":{"start":{"line":70,"column":63},"end":{"line":96,"column":3}}},"5":{"name":"(anonymous_9)","decl":{"start":{"line":98,"column":2},"end":{"line":98,"column":7}},"loc":{"start":{"line":98,"column":25},"end":{"line":104,"column":3}}}},"branchMap":{"0":{"loc":{"start":{"line":26,"column":4},"end":{"line":38,"column":5}},"type":"if","locations":[{"start":{"line":26,"column":4},"end":{"line":38,"column":5}}]},"1":{"loc":{"start":{"line":33,"column":6},"end":{"line":35,"column":7}},"type":"if","locations":[{"start":{"line":33,"column":6},"end":{"line":35,"column":7}}]},"2":{"loc":{"start":{"line":64,"column":4},"end":{"line":66,"column":5}},"type":"if","locations":[{"start":{"line":64,"column":4},"end":{"line":66,"column":5}}]},"3":{"loc":{"start":{"line":72,"column":4},"end":{"line":74,"column":5}},"type":"if","locations":[{"start":{"line":72,"column":4},"end":{"line":74,"column":5}}]},"4":{"loc":{"start":{"line":78,"column":4},"end":{"line":91,"column":5}},"type":"if","locations":[{"start":{"line":78,"column":4},"end":{"line":91,"column":5}}]},"5":{"loc":{"start":{"line":79,"column":6},"end":{"line":83,"column":7}},"type":"if","locations":[{"start":{"line":79,"column":6},"end":{"line":83,"column":7}}]},"6":{"loc":{"start":{"line":87,"column":6},"end":{"line":89,"column":7}},"type":"if","locations":[{"start":{"line":87,"column":6},"end":{"line":89,"column":7}}]},"7":{"loc":{"start":{"line":100,"column":4},"end":{"line":102,"column":5}},"type":"if","locations":[{"start":{"line":100,"column":4},"end":{"line":102,"column":5}}]}},"s":{"0":1,"1":1,"2":1,"3":1,"4":1,"5":14,"6":3,"7":3,"8":3,"9":2,"10":2,"11":1,"12":1,"13":2,"14":2,"15":1,"16":2,"17":2,"18":1,"19":1,"20":5,"21":5,"22":1,"23":4,"24":4,"25":3,"26":1,"27":2,"28":2,"29":1,"30":1,"31":2,"32":2,"33":2,"34":2,"35":1,"36":1,"37":1,"38":1},"f":{"0":14,"1":3,"2":1,"3":2,"4":5,"5":2},"b":{"0":[2],"1":[1],"2":[1],"3":[1],"4":[3],"5":[1],"6":[1],"7":[1]}}
}
