TN:
SF:src\categories\categories.service.ts
FN:14,(anonymous_4)
FN:19,(anonymous_5)
FN:48,(anonymous_6)
FN:59,(anonymous_7)
FN:70,(anonymous_8)
FN:98,(anonymous_9)
FNF:6
FNH:6
FNDA:14,(anonymous_4)
FNDA:3,(anonymous_5)
FNDA:1,(anonymous_6)
FNDA:2,(anonymous_7)
FNDA:5,(anonymous_8)
FNDA:2,(anonymous_9)
DA:1,1
DA:6,1
DA:7,1
DA:10,1
DA:13,1
DA:16,14
DA:20,3
DA:22,3
DA:26,3
DA:27,2
DA:33,2
DA:34,1
DA:37,1
DA:40,2
DA:42,2
DA:49,1
DA:60,2
DA:64,2
DA:65,1
DA:67,1
DA:71,5
DA:72,5
DA:73,1
DA:76,4
DA:78,4
DA:79,3
DA:80,1
DA:84,2
DA:87,2
DA:88,1
DA:90,1
DA:93,2
DA:95,2
DA:99,2
DA:100,2
DA:101,1
DA:103,1
LF:37
LH:37
BRDA:26,0,0,2
BRDA:33,1,0,1
BRDA:64,2,0,1
BRDA:72,3,0,1
BRDA:78,4,0,3
BRDA:79,5,0,1
BRDA:87,6,0,1
BRDA:100,7,0,1
BRF:8
BRH:8
end_of_record
